2020-02-28 00:32:36.376 [main] INFO  co.demo.isp.testcase.StudentTest - Entering URL
2020-02-28 00:33:39.114 [main] INFO  co.demo.isp.testcase.StudentTest - Entering URL
2020-02-28 00:42:32.541 [main] INFO  co.demo.isp.testcase.StudentTest - Entering URL
2020-02-28 00:45:33.794 [main] INFO  co.demo.isp.testcase.StudentTest - Entering URL
2020-02-28 00:45:35.051 [main] INFO  co.demo.isp.testcase.StudentTest - ******************************Login Test Starting***********************************
2020-02-28 00:45:38.610 [main] INFO  co.demo.isp.testcase.StudentTest - ******************************Login Test End*****************************************
2020-02-28 00:45:57.790 [main] INFO  co.demo.isp.testcase.StudentTest - Entering URL
2020-02-28 00:45:59.107 [main] INFO  co.demo.isp.testcase.StudentTest - ******************************Login Test Starting***********************************
2020-02-28 00:46:03.005 [main] INFO  co.demo.isp.testcase.StudentTest - ******************************Login Test End*****************************************
2020-02-28 00:58:52.908 [main] INFO  co.demo.isp.testcase.StudentTest - Entering URL
2020-02-28 14:25:42.333 [main] INFO  co.demo.isp.testcase.StudentTest - Entering URL
2020-02-28 14:25:43.517 [main] INFO  co.demo.isp.testcase.StudentTest - ******************************Login Test Starting***********************************
2020-02-28 14:25:45.599 [main] INFO  co.demo.isp.testcase.StudentTest - ******************************Login Test End*****************************************
2020-02-28 14:31:39.772 [main] INFO  co.demo.isp.testcase.StudentTest - Entering URL
2020-02-28 14:31:40.982 [main] INFO  co.demo.isp.testcase.StudentTest - ******************************Login Test Starting***********************************
2020-02-28 14:31:43.090 [main] INFO  co.demo.isp.testcase.StudentTest - ******************************Login Test End*****************************************
2020-02-28 14:33:17.979 [main] INFO  co.demo.isp.testcase.StudentTest - Entering URL
2020-02-28 14:33:19.180 [main] INFO  co.demo.isp.testcase.StudentTest - ******************************Login Test Starting***********************************
2020-02-28 14:33:21.148 [main] INFO  co.demo.isp.testcase.StudentTest - ******************************Login Test End*****************************************
2020-03-02 14:14:38.319 [main] INFO  co.demo.isp.testcase.StudentTest - Entering URL
2020-03-02 14:14:39.631 [main] INFO  co.demo.isp.testcase.StudentTest - ******************************Login Test Starting***********************************
2020-03-02 14:14:43.796 [main] INFO  co.demo.isp.testcase.StudentTest - ******************************Login Test End*****************************************
2020-03-02 14:16:56.850 [main] INFO  co.demo.isp.testcase.StudentTest - Entering URL
2020-03-02 14:18:51.546 [main] INFO  co.demo.isp.testcase.StudentTest - Entering URL
2020-03-02 14:18:53.500 [main] INFO  co.demo.isp.testcase.StudentTest - ******************************Login Data Provider Test Starting***********************************
2020-03-02 14:18:56.095 [main] INFO  co.demo.isp.testcase.StudentTest - ******************************Login Data Provider Test Starting***********************************
2020-03-02 14:20:16.690 [main] INFO  co.demo.isp.testcase.StudentTest - Entering URL
2020-03-02 14:20:18.758 [main] INFO  co.demo.isp.testcase.StudentTest - ******************************Login Data Provider Test Starting***********************************
2020-03-02 14:20:22.529 [main] INFO  co.demo.isp.testcase.StudentTest - ******************************Login Data Provider Test End*****************************************
2020-03-02 14:20:22.534 [main] INFO  co.demo.isp.testcase.StudentTest - ******************************Login Data Provider Test Starting***********************************
2020-03-02 14:23:46.220 [main] INFO  co.demo.isp.testcase.StudentTest - Entering URL
2020-03-02 14:23:48.148 [main] INFO  co.demo.isp.testcase.StudentTest - ******************************Login Data Provider Test Starting***********************************
2020-03-02 14:23:51.481 [main] INFO  co.demo.isp.testcase.StudentTest - ******************************Login Data Provider Test Ending*****************************************
2020-03-02 14:23:51.485 [main] INFO  co.demo.isp.testcase.StudentTest - ******************************Login Data Provider Test Starting***********************************
2020-03-02 14:27:26.011 [main] INFO  co.demo.isp.testcase.StudentTest - Entering URL
2020-03-02 14:27:28.093 [main] INFO  co.demo.isp.testcase.StudentTest - ******************************Login Data Provider Test Starting***********************************
2020-03-02 14:27:32.246 [main] INFO  co.demo.isp.testcase.StudentTest - ******************************Login Data Provider Test Ending*****************************************
2020-03-02 14:27:32.249 [main] INFO  co.demo.isp.testcase.StudentTest - ******************************Login Data Provider Test Starting***********************************
2020-03-02 14:29:47.172 [main] INFO  co.demo.isp.testcase.StudentTest - Entering URL
2020-03-02 14:29:49.195 [main] INFO  co.demo.isp.testcase.StudentTest - ******************************Login Data Provider Test Starting***********************************
2020-03-02 14:29:52.537 [main] INFO  co.demo.isp.testcase.StudentTest - ******************************Login Data Provider Test Ending*****************************************
2020-03-02 14:29:52.543 [main] INFO  co.demo.isp.testcase.StudentTest - ******************************Login Data Provider Test Starting***********************************
2020-03-02 14:32:50.776 [main] INFO  co.demo.isp.testcase.StudentTest - Entering URL
2020-03-02 14:32:52.643 [main] INFO  co.demo.isp.testcase.StudentTest - ******************************Login Data Provider Test Starting***********************************
2020-03-02 14:32:56.199 [main] INFO  co.demo.isp.testcase.StudentTest - ******************************Login Data Provider Test Ending*****************************************
2020-03-02 14:32:56.203 [main] INFO  co.demo.isp.testcase.StudentTest - ******************************Login Data Provider Test Starting***********************************
2020-03-02 14:33:16.336 [main] INFO  co.demo.isp.testcase.StudentTest - Entering URL
2020-03-02 14:33:18.394 [main] INFO  co.demo.isp.testcase.StudentTest - ******************************Login Data Provider Test Starting***********************************
2020-03-02 14:33:22.334 [main] INFO  co.demo.isp.testcase.StudentTest - ******************************Login Data Provider Test Ending*****************************************
2020-03-02 14:33:22.341 [main] INFO  co.demo.isp.testcase.StudentTest - ******************************Login Data Provider Test Starting***********************************
2020-03-02 23:44:32.066 [main] INFO  co.demo.isp.testcase.StudentTest - Entering URL
2020-03-02 23:44:34.156 [main] INFO  co.demo.isp.testcase.StudentTest - ******************************Login Data Provider Test Starting***********************************
2020-03-02 23:44:37.903 [main] INFO  co.demo.isp.testcase.StudentTest - ******************************Login Data Provider Test Starting***********************************
2020-03-02 23:46:26.388 [main] INFO  co.demo.isp.testcase.StudentTest - Entering URL
2020-03-02 23:46:28.523 [main] INFO  co.demo.isp.testcase.StudentTest - ******************************Login Data Provider Test Starting***********************************
2020-03-02 23:46:33.414 [main] INFO  co.demo.isp.testcase.StudentTest - ******************************Login Data Provider Test Ending*****************************************
2020-03-03 01:14:14.378 [main] INFO  co.demo.isp.testcase.StudentTest - ***Entering URL***
2020-03-03 01:14:16.510 [main] INFO  co.demo.isp.testcase.StudentTest - ******************************Login Report Test Starting***********************************
2020-03-03 01:14:19.885 [main] INFO  co.demo.isp.testcase.StudentTest - ******************************Login Report Test Ending*****************************************
2020-03-03 01:16:21.119 [main] INFO  co.demo.isp.testcase.StudentTest - ***Entering URL***
2020-03-03 01:16:22.388 [main] INFO  co.demo.isp.testcase.StudentTest - ******************************Login Test Starting***********************************
2020-03-03 12:06:07.913 [main] INFO  co.demo.isp.testcase.StudentTest - ***Entering URL***
2020-03-03 12:06:09.138 [main] INFO  co.demo.isp.testcase.StudentTest - ******************************Login Test Starting***********************************
2020-03-03 12:06:13.257 [main] INFO  co.demo.isp.testcase.StudentTest - ******************************Login Data Provider Test Starting***********************************
2020-03-03 12:06:35.644 [main] INFO  co.demo.isp.testcase.StudentTest - ******************************Login Report Test Starting***********************************
2020-03-03 12:18:17.381 [main] INFO  co.demo.isp.testcase.StudentTest - ***Entering URL***
2020-03-03 12:18:18.602 [main] INFO  co.demo.isp.testcase.StudentTest - ******************************Login Test Starting***********************************
2020-03-03 12:18:22.019 [main] INFO  co.demo.isp.testcase.StudentTest - ******************************Login Test End*****************************************
2020-03-03 12:18:22.863 [main] INFO  co.demo.isp.testcase.StudentTest - ******************************Login Data Provider Test Starting***********************************
2020-03-03 12:18:44.177 [main] INFO  co.demo.isp.testcase.StudentTest - ******************************Login Report Test Starting***********************************
2020-03-03 12:22:15.828 [main] INFO  co.demo.isp.testcase.StudentTest - ***Entering URL***
2020-03-03 12:22:16.980 [main] INFO  co.demo.isp.testcase.StudentTest - ******************************Login Test Starting***********************************
2020-03-03 12:22:20.953 [main] INFO  co.demo.isp.testcase.StudentTest - ******************************Login Test End*****************************************
2020-03-03 12:25:27.888 [main] INFO  co.demo.isp.testcase.StudentTest - ***Entering URL***
2020-03-03 12:25:30.012 [main] INFO  co.demo.isp.testcase.StudentTest - ******************************Login Report Test Starting***********************************
2020-03-03 12:25:32.010 [main] INFO  co.demo.isp.testcase.StudentTest - ******************************Login Report Test Ending*****************************************
2020-03-03 13:04:00.453 [main] INFO  co.demo.isp.testcase.StudentTest - ***Entering URL***
2020-03-03 13:04:01.672 [main] INFO  co.demo.isp.testcase.StudentTest - ******************************Login Test Starting***********************************
2020-03-03 13:04:05.579 [main] INFO  co.demo.isp.testcase.StudentTest - ******************************Login Test End*****************************************
2020-03-03 13:04:06.726 [main] INFO  co.demo.isp.testcase.StudentTest - ******************************Login Data Provider Test Starting***********************************
2020-03-03 13:04:28.267 [main] INFO  co.demo.isp.testcase.StudentTest - ******************************Login Report Test Starting***********************************
2020-03-03 13:22:54.707 [main] INFO  co.demo.isp.testcase.StudentTest - Entering URL
2020-03-03 13:22:55.908 [main] INFO  co.demo.isp.testcase.StudentTest - ******************************Login Test Starting***********************************
2020-03-03 13:22:59.608 [main] INFO  co.demo.isp.testcase.StudentTest - ******************************Login Test End*****************************************
2020-03-03 13:22:59.615 [main] INFO  co.demo.isp.testcase.StudentTest - ******************************Datasheet Test Starting***********************************
2020-03-03 13:22:59.875 [main] INFO  co.demo.isp.testcase.StudentTest - ******************************Datasheet Test End*****************************************
2020-03-05 14:09:41.477 [main] INFO  co.demo.isp.testcase.StudentTest - ***Entering URL***
2020-03-05 14:09:42.715 [main] INFO  co.demo.isp.testcase.StudentTest - ******************************Login Test Starting***********************************
2020-03-05 14:09:46.259 [main] INFO  co.demo.isp.testcase.StudentTest - ******************************Login Test End*****************************************
2020-03-05 14:09:47.256 [main] INFO  co.demo.isp.testcase.StudentTest - ******************************Login Data Provider Test Starting***********************************
2020-03-05 14:10:08.871 [main] INFO  co.demo.isp.testcase.StudentTest - ******************************Login Report Test Starting***********************************
2020-03-05 14:12:53.049 [main] INFO  co.demo.isp.testcase.StudentTest - ***Entering URL***
2020-03-05 14:12:54.288 [main] INFO  co.demo.isp.testcase.StudentTest - ******************************Login Test Starting***********************************
2020-03-05 14:12:57.704 [main] INFO  co.demo.isp.testcase.StudentTest - ******************************Login Test End*****************************************
2020-03-05 14:30:03.159 [main] INFO  co.demo.isp.testcase.StudentTest - ***Entering URL***
2020-03-05 14:30:04.396 [main] INFO  co.demo.isp.testcase.StudentTest - ******************************Login Test Starting***********************************
2020-03-05 14:30:08.259 [main] INFO  co.demo.isp.testcase.StudentTest - ******************************Login Test End*****************************************
2020-03-05 14:30:09.165 [main] INFO  co.demo.isp.testcase.StudentTest - ******************************Login Data Provider Test Starting***********************************
2020-03-05 14:30:31.086 [main] INFO  co.demo.isp.testcase.StudentTest - ******************************Login Report Test Starting***********************************
2020-03-05 14:36:18.224 [main] INFO  co.demo.isp.testcase.StudentTest - ***Entering URL***
2020-03-05 14:36:19.458 [main] INFO  co.demo.isp.testcase.StudentTest - ******************************Login Test Starting***********************************
2020-03-05 14:36:23.283 [main] INFO  co.demo.isp.testcase.StudentTest - ******************************Login Test End*****************************************
2020-03-05 14:36:24.111 [main] INFO  co.demo.isp.testcase.StudentTest - ******************************Login Data Provider Test Starting***********************************
2020-03-05 14:36:45.315 [main] INFO  co.demo.isp.testcase.StudentTest - ******************************Login Report Test Starting***********************************
2020-03-05 16:13:55.843 [main] INFO  co.demo.isp.testcase.StudentTest - ***Entering URL***
2020-03-05 16:13:57.641 [main] INFO  co.demo.isp.testcase.StudentTest - ******************************Login Test Starting***********************************
2020-03-05 16:14:29.975 [main] INFO  co.demo.isp.testcase.StudentTest - ******************************Login Data Provider Test Starting***********************************
2020-03-05 16:14:52.571 [main] INFO  co.demo.isp.testcase.StudentTest - ******************************Login Report Test Starting***********************************
2020-03-05 16:29:52.655 [main] INFO  co.demo.isp.testcase.StudentTest - Entering URL
2020-03-05 16:29:53.873 [main] INFO  co.demo.isp.testcase.StudentTest - ******************************Login Test Starting***********************************
2020-03-05 16:29:57.916 [main] INFO  co.demo.isp.testcase.StudentTest - ******************************Login Test End*****************************************
2020-03-05 16:29:58.154 [main] INFO  co.demo.isp.testcase.StudentTest - ******************************Datasheet Test Starting***********************************
2020-03-05 16:29:58.160 [main] INFO  co.demo.isp.testcase.StudentTest - ******************************Datasheet Test Ending*************************************
2020-03-05 16:30:59.882 [main] INFO  co.demo.isp.testcase.StudentTest - Entering URL
2020-03-05 16:31:01.094 [main] INFO  co.demo.isp.testcase.StudentTest - ******************************Login Test Starting***********************************
2020-03-05 16:31:05.456 [main] INFO  co.demo.isp.testcase.StudentTest - ******************************Login Test End*****************************************
2020-03-05 16:31:05.652 [main] INFO  co.demo.isp.testcase.StudentTest - ******************************Datasheet Test Starting***********************************
2020-03-05 16:31:05.658 [main] INFO  co.demo.isp.testcase.StudentTest - ******************************Datasheet Test Ending*************************************
2020-03-05 16:37:22.697 [main] INFO  co.demo.isp.testcase.StudentTest - Entering URL
2020-03-05 16:37:24.088 [main] INFO  co.demo.isp.testcase.StudentTest - ******************************Login Test Starting***********************************
2020-03-05 16:37:28.296 [main] INFO  co.demo.isp.testcase.StudentTest - ******************************Login Test End*****************************************
2020-03-05 16:37:29.122 [main] INFO  co.demo.isp.testcase.StudentTest - ******************************Datasheet Test Starting***********************************
2020-03-05 16:37:29.127 [main] INFO  co.demo.isp.testcase.StudentTest - ******************************Datasheet Test Ending*************************************
2020-03-05 16:41:23.845 [main] INFO  co.demo.isp.testcase.StudentTest - Entering URL
2020-03-05 16:41:25.224 [main] INFO  co.demo.isp.testcase.StudentTest - ******************************Login Test Starting***********************************
2020-03-05 16:41:28.487 [main] INFO  co.demo.isp.testcase.StudentTest - ******************************Login Test End*****************************************
2020-03-05 16:41:29.239 [main] INFO  co.demo.isp.testcase.StudentTest - ******************************Datasheet Test Starting***********************************
2020-03-05 16:41:29.245 [main] INFO  co.demo.isp.testcase.StudentTest - ******************************Datasheet Test Ending*************************************
2020-03-06 10:47:26.588 [main] INFO  co.demo.isp.testcase.StudentTest - Entering URL
2020-03-06 10:47:28.029 [main] INFO  co.demo.isp.testcase.StudentTest - ******************************Login Test Starting***********************************
2020-03-06 10:47:32.596 [main] INFO  co.demo.isp.testcase.StudentTest - ******************************Login Test End*****************************************
2020-03-06 10:47:33.688 [main] INFO  co.demo.isp.testcase.StudentTest - ******************************Datasheet Test Starting***********************************
2020-03-06 10:47:33.694 [main] INFO  co.demo.isp.testcase.StudentTest - ******************************Datasheet Test Ending*************************************
2020-03-06 10:52:43.831 [main] INFO  co.demo.isp.testcase.StudentTest - Entering URL
2020-03-06 10:52:45.223 [main] INFO  co.demo.isp.testcase.StudentTest - ******************************Login Test Starting***********************************
2020-03-06 10:52:49.785 [main] INFO  co.demo.isp.testcase.StudentTest - ******************************Login Test End*****************************************
2020-03-06 10:52:50.495 [main] INFO  co.demo.isp.testcase.StudentTest - ******************************Datasheet Test Starting***********************************
2020-03-06 10:52:50.512 [main] INFO  co.demo.isp.testcase.StudentTest - ******************************Datasheet Test Ending*************************************
2020-03-06 11:01:08.789 [main] INFO  co.demo.isp.testcase.StudentTest - Entering URL
2020-03-06 11:01:10.183 [main] INFO  co.demo.isp.testcase.StudentTest - ******************************Login Test Starting***********************************
2020-03-06 11:01:14.556 [main] INFO  co.demo.isp.testcase.StudentTest - ******************************Login Test End*****************************************
2020-03-06 11:01:14.975 [main] INFO  co.demo.isp.testcase.StudentTest - ******************************GeneralInformationPage Test Star***********************************
2020-03-06 11:01:15.040 [main] INFO  co.demo.isp.testcase.StudentTest - ******************************GeneralInformationPage Test End***********************************
2020-03-06 11:02:18.800 [main] INFO  co.demo.isp.testcase.StudentTest - Entering URL
2020-03-06 11:02:20.152 [main] INFO  co.demo.isp.testcase.StudentTest - ******************************Login Test Starting***********************************
2020-03-06 11:02:24.676 [main] INFO  co.demo.isp.testcase.StudentTest - ******************************Login Test End*****************************************
2020-03-06 11:02:24.947 [main] INFO  co.demo.isp.testcase.StudentTest - ******************************GeneralInformationPage Test Star***********************************
2020-03-06 11:02:25.034 [main] INFO  co.demo.isp.testcase.StudentTest - ******************************GeneralInformationPage Test End***********************************
2020-03-06 12:22:09.992 [main] INFO  co.demo.isp.testcase.StudentTest - Entering URL
2020-03-06 12:22:11.442 [main] INFO  co.demo.isp.testcase.StudentTest - ******************************Login Test Starting***********************************
2020-03-06 12:22:15.255 [main] INFO  co.demo.isp.testcase.StudentTest - ******************************Login Test End*****************************************
2020-03-06 12:22:15.936 [main] INFO  co.demo.isp.testcase.StudentTest - ******************************Datasheet Test Starting***********************************
2020-03-06 12:22:15.943 [main] INFO  co.demo.isp.testcase.StudentTest - ******************************Datasheet Test Ending*************************************
2020-03-06 13:07:52.620 [main] INFO  co.demo.isp.testcase.StudentTest - Entering URL
2020-03-06 13:07:54.003 [main] INFO  co.demo.isp.testcase.StudentTest - ******************************Login Test Starting***********************************
2020-03-06 13:07:57.591 [main] INFO  co.demo.isp.testcase.StudentTest - ******************************Login Test End*****************************************
2020-03-06 13:07:57.898 [main] INFO  co.demo.isp.testcase.StudentTest - ******************************GeneralInformationPage Test Star***********************************
2020-03-06 13:07:57.981 [main] INFO  co.demo.isp.testcase.StudentTest - ******************************GeneralInformationPage Test End***********************************
2020-03-06 13:09:14.083 [main] INFO  co.demo.isp.testcase.StudentTest - Entering URL
2020-03-06 13:09:15.590 [main] INFO  co.demo.isp.testcase.StudentTest - ******************************Login Test Starting***********************************
2020-03-06 13:09:19.342 [main] INFO  co.demo.isp.testcase.StudentTest - ******************************Login Test End*****************************************
2020-03-06 13:09:19.602 [main] INFO  co.demo.isp.testcase.StudentTest - ******************************GeneralInformationPage Test Star***********************************
2020-03-06 13:09:19.685 [main] INFO  co.demo.isp.testcase.StudentTest - ******************************GeneralInformationPage Test End***********************************
2020-03-06 13:11:29.005 [main] INFO  co.demo.isp.testcase.StudentTest - Entering URL
2020-03-06 13:11:30.425 [main] INFO  co.demo.isp.testcase.StudentTest - ******************************Login Test Starting***********************************
2020-03-06 13:11:34.525 [main] INFO  co.demo.isp.testcase.StudentTest - ******************************Login Test End*****************************************
2020-03-06 13:11:34.796 [main] INFO  co.demo.isp.testcase.StudentTest - ******************************Datasheet Test Starting***********************************
2020-03-06 13:11:34.803 [main] INFO  co.demo.isp.testcase.StudentTest - ******************************Datasheet Test Ending*************************************
2020-03-06 13:23:44.443 [main] INFO  co.demo.isp.testcase.StudentTest - Entering URL
2020-03-06 13:23:46.985 [main] INFO  co.demo.isp.testcase.StudentTest - ******************************Login Data Provider Test Starting***********************************
2020-03-06 13:23:50.770 [main] INFO  co.demo.isp.testcase.StudentTest - ******************************Login Data Provider Test Ending*****************************************
2020-03-06 14:23:08.445 [main] INFO  co.demo.isp.testcase.StudentTest - Entering URL
2020-03-06 14:23:10.685 [main] INFO  co.demo.isp.testcase.StudentTest - ******************************Login Data Provider Test Starting***********************************
2020-03-06 14:23:14.771 [main] INFO  co.demo.isp.testcase.StudentTest - ******************************Login Data Provider Test Ending*****************************************
2020-03-06 14:23:15.024 [main] INFO  co.demo.isp.testcase.StudentTest - ******************************GeneralInformationPage Test Star***********************************
2020-03-06 14:23:15.165 [main] INFO  co.demo.isp.testcase.StudentTest - ******************************GeneralInformationPage Test End***********************************
2020-03-06 14:48:12.762 [main] INFO  co.demo.isp.testcase.StudentTest - Entering URL
2020-03-06 14:48:15.660 [main] INFO  co.demo.isp.testcase.StudentTest - ******************************Login Data Provider Test Starting***********************************
2020-03-06 14:48:19.998 [main] INFO  co.demo.isp.testcase.StudentTest - ******************************Login Data Provider Test Ending*****************************************
2020-03-06 14:48:20.528 [main] INFO  co.demo.isp.testcase.StudentTest - ******************************Datasheet Test Starting***********************************
2020-03-06 14:48:20.537 [main] INFO  co.demo.isp.testcase.StudentTest - ******************************Datasheet Test Ending*************************************
2020-03-06 15:13:55.046 [main] INFO  co.demo.isp.testcase.ParentsSiblingsTest - ******************************Login Data Provider Test Starting***********************************
2020-03-06 15:13:57.619 [main] INFO  co.demo.isp.testcase.ParentsSiblingsTest - ******************************Login Data Provider Test Ending*************************************
2020-03-06 15:13:57.842 [main] INFO  co.demo.isp.testcase.ParentsSiblingsTest - ************************Parents Siblings Page Test Start********************************
2020-03-06 15:13:57.886 [main] INFO  co.demo.isp.testcase.ParentsSiblingsTest - ************************Parents Siblings Page Test End********************************
2020-03-06 15:15:11.803 [main] INFO  co.demo.isp.testcase.ParentsSiblingsTest - ******************************Login Data Provider Test Starting***********************************
2020-03-06 15:15:14.643 [main] INFO  co.demo.isp.testcase.ParentsSiblingsTest - ******************************Login Data Provider Test Ending*************************************
2020-03-06 15:15:14.936 [main] INFO  co.demo.isp.testcase.ParentsSiblingsTest - ************************Parents Siblings Page Test Start********************************
2020-03-06 15:15:15.234 [main] INFO  co.demo.isp.testcase.ParentsSiblingsTest - ************************Parents Siblings Page Test End********************************
2020-03-06 15:16:32.257 [main] INFO  co.demo.isp.testcase.ParentsSiblingsTest - ******************************Login Data Provider Test Starting***********************************
2020-03-06 15:16:34.730 [main] INFO  co.demo.isp.testcase.ParentsSiblingsTest - ******************************Login Data Provider Test Ending*************************************
2020-03-06 15:16:35.091 [main] INFO  co.demo.isp.testcase.ParentsSiblingsTest - ************************Parents Siblings Form Test Start********************************
2020-03-06 15:16:35.171 [main] INFO  co.demo.isp.testcase.ParentsSiblingsTest - .....Entering parent details....
2020-03-06 15:19:14.272 [main] INFO  co.demo.isp.testcase.ParentsSiblingsTest - ******************************Login Data Provider Test Starting***********************************
2020-03-06 15:19:16.704 [main] INFO  co.demo.isp.testcase.ParentsSiblingsTest - ******************************Login Data Provider Test Ending*************************************
2020-03-06 15:19:16.884 [main] INFO  co.demo.isp.testcase.ParentsSiblingsTest - ************************Parents Siblings Page Test Start********************************
2020-03-06 15:19:16.927 [main] INFO  co.demo.isp.testcase.ParentsSiblingsTest - ************************Parents Siblings Page Test End********************************
2020-03-06 15:19:57.100 [main] INFO  co.demo.isp.testcase.ParentsSiblingsTest - ******************************Login Data Provider Test Starting***********************************
2020-03-06 15:19:59.537 [main] INFO  co.demo.isp.testcase.ParentsSiblingsTest - ******************************Login Data Provider Test Ending*************************************
2020-03-06 15:19:59.784 [main] INFO  co.demo.isp.testcase.ParentsSiblingsTest - ************************Parents Siblings Form Test Start********************************
2020-03-06 15:19:59.862 [main] INFO  co.demo.isp.testcase.ParentsSiblingsTest - .....Entering parent details....
2020-03-06 15:21:47.388 [main] INFO  co.demo.isp.testcase.ParentsSiblingsTest - ******************************Login Data Provider Test Starting***********************************
2020-03-06 15:21:49.567 [main] INFO  co.demo.isp.testcase.ParentsSiblingsTest - ******************************Login Data Provider Test Ending*************************************
2020-03-06 15:22:48.926 [main] INFO  co.demo.isp.testcase.ParentsSiblingsTest - ******************************Login Data Provider Test Starting***********************************
2020-03-06 15:22:51.267 [main] INFO  co.demo.isp.testcase.ParentsSiblingsTest - ******************************Login Data Provider Test Ending*************************************
2020-03-06 15:22:51.461 [main] INFO  co.demo.isp.testcase.ParentsSiblingsTest - ************************Parents Siblings Form Test Start********************************
2020-03-06 15:22:51.558 [main] INFO  co.demo.isp.testcase.ParentsSiblingsTest - .....Entering parent details....
2020-03-06 15:30:37.233 [main] INFO  co.demo.isp.testcase.StudentTest - ***Entering URL***
2020-03-06 15:32:43.727 [main] INFO  co.demo.isp.testcase.StudentTest - ***Entering URL***
2020-03-06 15:32:45.395 [main] INFO  co.demo.isp.testcase.StudentTest - ******************************Login Data Provider Test Starting***********************************
2020-03-06 15:32:47.846 [main] INFO  co.demo.isp.testcase.StudentTest - ******************************Login Data Provider Test Ending*****************************************
2020-03-06 15:48:06.389 [main] INFO  co.demo.isp.testcase.ParentsSiblingsTest - ******************************Login Data Provider Test Starting***********************************
2020-03-06 15:48:08.833 [main] INFO  co.demo.isp.testcase.ParentsSiblingsTest - ******************************Login Data Provider Test Ending*************************************
2020-03-06 15:48:08.840 [main] INFO  co.demo.isp.testcase.ParentsSiblingsTest - ************************Parents Siblings Form Test Start********************************
2020-03-06 15:48:08.933 [main] INFO  co.demo.isp.testcase.ParentsSiblingsTest - .....Key in parent details....
2020-03-06 15:54:22.438 [main] INFO  co.demo.isp.testcase.ParentsSiblingsTest - ******************************Login Data Provider Test Starting***********************************
2020-03-06 15:54:24.814 [main] INFO  co.demo.isp.testcase.ParentsSiblingsTest - ******************************Login Data Provider Test Ending*************************************
2020-03-06 15:54:24.822 [main] INFO  co.demo.isp.testcase.ParentsSiblingsTest - ************************Parents Siblings Form Test Start********************************
2020-03-06 15:54:24.831 [main] INFO  co.demo.isp.testcase.ParentsSiblingsTest - .....Opening GeneralInfo page....
2020-03-06 15:54:24.865 [main] INFO  co.demo.isp.testcase.ParentsSiblingsTest - .....Entering Parents siblings page....
2020-03-06 15:54:24.901 [main] INFO  co.demo.isp.testcase.ParentsSiblingsTest - .....Key in parent details....
2020-03-06 16:01:24.132 [main] INFO  co.demo.isp.testcase.ParentsSiblingsTest - ******************************In Home page***********************************
2020-03-06 16:01:24.157 [main] INFO  co.demo.isp.testcase.ParentsSiblingsTest - ******************************In Login page***********************************
2020-03-06 16:01:24.635 [main] INFO  co.demo.isp.testcase.ParentsSiblingsTest - ******************************In Student Menu ***********************************
2020-03-06 16:01:26.350 [main] INFO  co.demo.isp.testcase.ParentsSiblingsTest - ******************************In datasheet page***********************************
2020-03-06 16:01:26.734 [main] INFO  co.demo.isp.testcase.ParentsSiblingsTest - ******************************Login Data Provider Test Ending*************************************
2020-03-06 16:01:26.741 [main] INFO  co.demo.isp.testcase.ParentsSiblingsTest - ************************Parents Siblings Form Test Start********************************
2020-03-06 16:01:26.748 [main] INFO  co.demo.isp.testcase.ParentsSiblingsTest - .....Opening GeneralInfo page....
2020-03-06 16:01:26.837 [main] INFO  co.demo.isp.testcase.ParentsSiblingsTest - .....Entering Parents siblings page....
2020-03-06 16:01:26.877 [main] INFO  co.demo.isp.testcase.ParentsSiblingsTest - .....Key in parent details....
2020-03-06 16:07:46.143 [main] INFO  co.demo.isp.testcase.ParentsSiblingsTest - ******************************In Home page***********************************
2020-03-06 16:07:46.180 [main] INFO  co.demo.isp.testcase.ParentsSiblingsTest - ******************************In Login page***********************************
2020-03-06 16:07:46.678 [main] INFO  co.demo.isp.testcase.ParentsSiblingsTest - ******************************In Student Menu ***********************************
2020-03-06 16:07:48.189 [main] INFO  co.demo.isp.testcase.ParentsSiblingsTest - ******************************In datasheet page***********************************
2020-03-06 16:07:48.612 [main] INFO  co.demo.isp.testcase.ParentsSiblingsTest - ******************************Login Test End*************************************
2020-03-06 16:09:58.987 [main] INFO  co.demo.isp.testcase.ParentsSiblingsTest - ******************************In Home page***********************************
2020-03-06 16:09:59.011 [main] INFO  co.demo.isp.testcase.ParentsSiblingsTest - ******************************In Login page***********************************
2020-03-06 16:09:59.534 [main] INFO  co.demo.isp.testcase.ParentsSiblingsTest - ******************************In Student Menu ***********************************
2020-03-06 16:10:01.172 [main] INFO  co.demo.isp.testcase.ParentsSiblingsTest - ******************************In datasheet page***********************************
2020-03-06 16:10:01.631 [main] INFO  co.demo.isp.testcase.ParentsSiblingsTest - ******************************Login Test End*************************************
2020-03-06 16:11:40.914 [main] INFO  co.demo.isp.testcase.ParentsSiblingsTest - ******************************In Home page***********************************
2020-03-06 16:11:40.940 [main] INFO  co.demo.isp.testcase.ParentsSiblingsTest - ******************************In Login page***********************************
2020-03-06 16:11:41.428 [main] INFO  co.demo.isp.testcase.ParentsSiblingsTest - ******************************In Student Menu ***********************************
2020-03-06 16:11:47.791 [main] INFO  co.demo.isp.testcase.ParentsSiblingsTest - ******************************In datasheet page***********************************
2020-03-06 16:11:47.906 [main] INFO  co.demo.isp.testcase.ParentsSiblingsTest - ******************************Login Test End*************************************
2020-03-06 16:03:14.338 [main] INFO  co.demo.isp.testcase.ParentsSiblingsTest - ******************************In Home page***********************************
2020-03-06 16:03:14.368 [main] INFO  co.demo.isp.testcase.ParentsSiblingsTest - ******************************In Login page***********************************
2020-03-06 16:03:14.862 [main] INFO  co.demo.isp.testcase.ParentsSiblingsTest - ******************************In Student Menu ***********************************
2020-03-06 16:03:16.244 [main] INFO  co.demo.isp.testcase.ParentsSiblingsTest - ******************************In datasheet page***********************************
2020-03-06 16:12:22.984 [main] INFO  co.demo.isp.testcase.ParentsSiblingsTest - ******************************Login Data Provider Test Ending*************************************
2020-03-06 16:12:22.991 [main] INFO  co.demo.isp.testcase.ParentsSiblingsTest - ************************Parents Siblings Form Test Start********************************
2020-03-06 16:12:22.999 [main] INFO  co.demo.isp.testcase.ParentsSiblingsTest - .....Opening GeneralInfo page....
2020-03-06 16:12:31.172 [main] INFO  co.demo.isp.testcase.ParentsSiblingsTest - ******************************In Home page***********************************
2020-03-06 16:12:31.196 [main] INFO  co.demo.isp.testcase.ParentsSiblingsTest - ******************************In Login page***********************************
2020-03-06 16:12:31.720 [main] INFO  co.demo.isp.testcase.ParentsSiblingsTest - ******************************In Student Menu ***********************************
2020-03-06 16:12:38.208 [main] INFO  co.demo.isp.testcase.ParentsSiblingsTest - ******************************In datasheet page***********************************
2020-03-06 16:12:38.274 [main] INFO  co.demo.isp.testcase.ParentsSiblingsTest - ******************************Login Test End*************************************
2020-03-06 16:12:38.278 [main] INFO  co.demo.isp.testcase.ParentsSiblingsTest - ************************Parents Siblings Form Test Start********************************
2020-03-06 16:12:38.285 [main] INFO  co.demo.isp.testcase.ParentsSiblingsTest - .....Opening GeneralInfo page....
2020-03-06 16:12:38.313 [main] INFO  co.demo.isp.testcase.ParentsSiblingsTest - .....Entering Parents siblings page....
2020-03-06 16:12:38.347 [main] INFO  co.demo.isp.testcase.ParentsSiblingsTest - .....Key in parent details....
2020-03-06 16:14:47.214 [main] INFO  co.demo.isp.testcase.ParentsSiblingsTest - ******************************In Home page***********************************
2020-03-06 16:14:47.239 [main] INFO  co.demo.isp.testcase.ParentsSiblingsTest - ******************************In Login page***********************************
2020-03-06 16:14:47.739 [main] INFO  co.demo.isp.testcase.ParentsSiblingsTest - ******************************In Student Menu ***********************************
2020-03-06 16:14:54.315 [main] INFO  co.demo.isp.testcase.ParentsSiblingsTest - ******************************In datasheet page***********************************
2020-03-06 16:14:54.412 [main] INFO  co.demo.isp.testcase.ParentsSiblingsTest - ******************************Login Test End*************************************
2020-03-06 16:14:54.416 [main] INFO  co.demo.isp.testcase.ParentsSiblingsTest - ************************Parents Siblings Form Test Start********************************
2020-03-06 16:14:59.419 [main] INFO  co.demo.isp.testcase.ParentsSiblingsTest - .....Opening GeneralInfo page....
2020-03-06 16:15:04.925 [main] INFO  co.demo.isp.testcase.ParentsSiblingsTest - .....Entering Parents siblings page....
2020-03-06 16:15:05.300 [main] INFO  co.demo.isp.testcase.ParentsSiblingsTest - .....Key in parent details....
2020-03-06 16:15:15.831 [main] INFO  co.demo.isp.testcase.ParentsSiblingsTest - ************************Parents Siblings Form Test End********************************
2020-03-06 16:16:21.575 [main] INFO  co.demo.isp.testcase.ParentsSiblingsTest - ******************************In Home page***********************************
2020-03-06 16:16:21.600 [main] INFO  co.demo.isp.testcase.ParentsSiblingsTest - ******************************In Login page***********************************
2020-03-06 16:16:22.103 [main] INFO  co.demo.isp.testcase.ParentsSiblingsTest - ******************************In Student Menu ***********************************
2020-03-06 16:16:28.810 [main] INFO  co.demo.isp.testcase.ParentsSiblingsTest - ******************************In datasheet page***********************************
2020-03-06 16:16:28.893 [main] INFO  co.demo.isp.testcase.ParentsSiblingsTest - ******************************Login Test End*************************************
2020-03-06 16:16:28.897 [main] INFO  co.demo.isp.testcase.ParentsSiblingsTest - ************************Parents Siblings Form Test Start********************************
2020-03-06 16:16:28.912 [main] INFO  co.demo.isp.testcase.ParentsSiblingsTest - .....Opening GeneralInfo page....
2020-03-06 16:16:28.942 [main] INFO  co.demo.isp.testcase.ParentsSiblingsTest - .....Entering Parents siblings page....
2020-03-06 16:16:28.983 [main] INFO  co.demo.isp.testcase.ParentsSiblingsTest - .....Key in parent details....
2020-03-06 16:17:25.129 [main] INFO  co.demo.isp.testcase.ParentsSiblingsTest - ******************************In Home page***********************************
2020-03-06 16:17:25.154 [main] INFO  co.demo.isp.testcase.ParentsSiblingsTest - ******************************In Login page***********************************
2020-03-06 16:17:25.614 [main] INFO  co.demo.isp.testcase.ParentsSiblingsTest - ******************************In Student Menu ***********************************
2020-03-06 16:17:32.353 [main] INFO  co.demo.isp.testcase.ParentsSiblingsTest - ******************************In datasheet page***********************************
2020-03-06 16:17:32.428 [main] INFO  co.demo.isp.testcase.ParentsSiblingsTest - ******************************Login Test End*************************************
2020-03-06 16:17:32.433 [main] INFO  co.demo.isp.testcase.ParentsSiblingsTest - ************************Parents Siblings Form Test Start********************************
2020-03-06 16:17:37.437 [main] INFO  co.demo.isp.testcase.ParentsSiblingsTest - .....Opening GeneralInfo page....
2020-03-06 16:17:37.954 [main] INFO  co.demo.isp.testcase.ParentsSiblingsTest - .....Entering Parents siblings page....
2020-03-06 16:17:37.998 [main] INFO  co.demo.isp.testcase.ParentsSiblingsTest - .....Key in parent details....
2020-03-06 16:17:50.452 [main] INFO  co.demo.isp.testcase.ParentsSiblingsTest - ************************Parents Siblings Form Test End********************************
2020-03-06 16:19:58.938 [main] INFO  co.demo.isp.testcase.ParentsSiblingsTest - ******************************In Home page***********************************
2020-03-06 16:19:58.963 [main] INFO  co.demo.isp.testcase.ParentsSiblingsTest - ******************************In Login page***********************************
2020-03-06 16:19:59.431 [main] INFO  co.demo.isp.testcase.ParentsSiblingsTest - ******************************In Student Menu ***********************************
2020-03-06 16:20:05.841 [main] INFO  co.demo.isp.testcase.ParentsSiblingsTest - ******************************In datasheet page***********************************
2020-03-06 16:20:05.927 [main] INFO  co.demo.isp.testcase.ParentsSiblingsTest - ******************************Login Test End*************************************
2020-03-06 16:20:06.130 [main] INFO  co.demo.isp.testcase.ParentsSiblingsTest - ************************Parents Siblings Page Test Start********************************
2020-03-06 16:20:06.168 [main] INFO  co.demo.isp.testcase.ParentsSiblingsTest - ************************Parents Siblings Page Test End********************************
2020-03-06 16:25:55.014 [main] INFO  co.demo.isp.testcase.ParentsSiblingsTest - ******************************In Home page***********************************
2020-03-06 16:25:55.039 [main] INFO  co.demo.isp.testcase.ParentsSiblingsTest - ******************************In Login page***********************************
2020-03-06 16:25:55.526 [main] INFO  co.demo.isp.testcase.ParentsSiblingsTest - ******************************In Student Menu ***********************************
2020-03-06 16:26:01.979 [main] INFO  co.demo.isp.testcase.ParentsSiblingsTest - ******************************In datasheet page***********************************
2020-03-06 16:26:02.061 [main] INFO  co.demo.isp.testcase.ParentsSiblingsTest - ******************************Login Test End*************************************
2020-03-06 16:26:02.306 [main] INFO  co.demo.isp.testcase.ParentsSiblingsTest - ************************Parents Siblings Page Test Start********************************
2020-03-06 16:26:02.350 [main] INFO  co.demo.isp.testcase.ParentsSiblingsTest - ************************Parents Siblings Page Test End********************************
2020-03-06 16:26:02.534 [main] INFO  co.demo.isp.testcase.ParentsSiblingsTest - ************************Parents Siblings Form Test Start********************************
2020-03-06 16:26:07.536 [main] INFO  co.demo.isp.testcase.ParentsSiblingsTest - .....Opening GeneralInfo page....
2020-03-06 16:26:07.589 [main] INFO  co.demo.isp.testcase.ParentsSiblingsTest - .....Entering Parents siblings page....
2020-03-06 16:26:07.614 [main] INFO  co.demo.isp.testcase.ParentsSiblingsTest - .....Key in parent details....
2020-03-06 16:27:54.580 [main] INFO  co.demo.isp.testcase.ParentsSiblingsTest - ******************************In Home page***********************************
2020-03-06 16:27:54.607 [main] INFO  co.demo.isp.testcase.ParentsSiblingsTest - ******************************In Login page***********************************
2020-03-06 16:27:58.141 [main] INFO  co.demo.isp.testcase.ParentsSiblingsTest - ******************************In Student Menu ***********************************
2020-03-06 16:28:04.596 [main] INFO  co.demo.isp.testcase.ParentsSiblingsTest - ******************************In datasheet page***********************************
2020-03-06 16:28:04.661 [main] INFO  co.demo.isp.testcase.ParentsSiblingsTest - ******************************Login Test End*************************************
2020-03-06 16:28:04.832 [main] INFO  co.demo.isp.testcase.ParentsSiblingsTest - ************************Parents Siblings Page Test Start********************************
2020-03-06 16:28:04.919 [main] INFO  co.demo.isp.testcase.ParentsSiblingsTest - ************************Parents Siblings Page Test End********************************
2020-03-06 16:28:05.481 [main] INFO  co.demo.isp.testcase.ParentsSiblingsTest - ************************Parents Siblings Form Test Start********************************
2020-03-06 16:28:10.482 [main] INFO  co.demo.isp.testcase.ParentsSiblingsTest - .....Opening GeneralInfo page....
2020-03-06 16:28:11.448 [main] INFO  co.demo.isp.testcase.ParentsSiblingsTest - .....Entering Parents siblings page....
2020-03-06 16:28:11.864 [main] INFO  co.demo.isp.testcase.ParentsSiblingsTest - .....Key in parent details....
2020-03-06 16:28:22.378 [main] INFO  co.demo.isp.testcase.ParentsSiblingsTest - ************************Parents Siblings Form Test End********************************
2020-03-06 16:30:55.484 [main] INFO  co.demo.isp.testcase.ParentsSiblingsTest - ******************************In Home page***********************************
2020-03-06 16:30:55.509 [main] INFO  co.demo.isp.testcase.ParentsSiblingsTest - ******************************In Login page***********************************
2020-03-06 16:30:55.959 [main] INFO  co.demo.isp.testcase.ParentsSiblingsTest - ******************************In Student Menu ***********************************
2020-03-06 16:31:02.411 [main] INFO  co.demo.isp.testcase.ParentsSiblingsTest - ******************************In datasheet page***********************************
2020-03-06 16:31:02.486 [main] INFO  co.demo.isp.testcase.ParentsSiblingsTest - ******************************Login Test End*************************************
2020-03-06 16:31:02.668 [main] INFO  co.demo.isp.testcase.ParentsSiblingsTest - ************************Parents Siblings Page Test Start********************************
2020-03-06 16:31:02.746 [main] INFO  co.demo.isp.testcase.ParentsSiblingsTest - ************************Parents Siblings Page Test End********************************
2020-03-06 16:31:03.336 [main] INFO  co.demo.isp.testcase.ParentsSiblingsTest - ************************Parents Siblings Form Test Start********************************
2020-03-06 16:31:08.337 [main] INFO  co.demo.isp.testcase.ParentsSiblingsTest - .....Opening GeneralInfo page....
2020-03-06 16:31:09.937 [main] INFO  co.demo.isp.testcase.ParentsSiblingsTest - .....Entering Parents siblings page....
2020-03-06 16:31:10.463 [main] INFO  co.demo.isp.testcase.ParentsSiblingsTest - .....Key in parent details....
2020-03-06 16:31:20.646 [main] INFO  co.demo.isp.testcase.ParentsSiblingsTest - ************************Parents Siblings Form Test End********************************
2020-03-06 16:34:31.157 [main] INFO  co.demo.isp.testcase.ParentsSiblingsTest - ******************************In Home page***********************************
2020-03-06 16:34:31.181 [main] INFO  co.demo.isp.testcase.ParentsSiblingsTest - ******************************In Login page***********************************
2020-03-06 16:34:31.699 [main] INFO  co.demo.isp.testcase.ParentsSiblingsTest - ******************************In Student Menu ***********************************
2020-03-06 16:34:38.356 [main] INFO  co.demo.isp.testcase.ParentsSiblingsTest - ******************************In datasheet page***********************************
2020-03-06 16:34:38.416 [main] INFO  co.demo.isp.testcase.ParentsSiblingsTest - ******************************Login Test End*************************************
2020-03-06 16:34:38.603 [main] INFO  co.demo.isp.testcase.ParentsSiblingsTest - ************************Parents Siblings Page Test Start********************************
2020-03-06 16:34:38.681 [main] INFO  co.demo.isp.testcase.ParentsSiblingsTest - ************************Parents Siblings Page Test End********************************
2020-03-06 16:34:39.267 [main] INFO  co.demo.isp.testcase.ParentsSiblingsTest - ************************Parents Siblings Form Test Start********************************
2020-03-06 16:34:44.268 [main] INFO  co.demo.isp.testcase.ParentsSiblingsTest - .....Opening GeneralInfo page....
2020-03-06 16:34:45.219 [main] INFO  co.demo.isp.testcase.ParentsSiblingsTest - .....Entering Parents siblings page....
2020-03-06 16:34:45.652 [main] INFO  co.demo.isp.testcase.ParentsSiblingsTest - .....Key in parent details....
2020-03-06 16:34:56.061 [main] INFO  co.demo.isp.testcase.ParentsSiblingsTest - ************************Parents Siblings Form Test End********************************
2020-03-06 17:54:04.033 [main] INFO  co.demo.isp.testcase.ParentsSiblingsTest - ******************************In Home page***********************************
2020-03-06 17:54:04.061 [main] INFO  co.demo.isp.testcase.ParentsSiblingsTest - ******************************In Login page***********************************
2020-03-06 17:54:04.684 [main] INFO  co.demo.isp.testcase.ParentsSiblingsTest - ******************************In Student Menu ***********************************
2020-03-06 17:54:11.387 [main] INFO  co.demo.isp.testcase.ParentsSiblingsTest - ******************************In datasheet page***********************************
2020-03-06 17:54:11.465 [main] INFO  co.demo.isp.testcase.ParentsSiblingsTest - ******************************Login Test End*************************************
2020-03-06 17:54:11.655 [main] INFO  co.demo.isp.testcase.ParentsSiblingsTest - ************************Parents Siblings Page Test Start********************************
2020-03-06 17:54:11.748 [main] INFO  co.demo.isp.testcase.ParentsSiblingsTest - ************************Parents Siblings Page Test End********************************
2020-03-06 17:54:12.342 [main] INFO  co.demo.isp.testcase.ParentsSiblingsTest - ************************Parents Siblings Form Test Start********************************
2020-03-06 17:54:17.343 [main] INFO  co.demo.isp.testcase.ParentsSiblingsTest - .....Opening GeneralInfo page....
2020-03-06 17:54:18.326 [main] INFO  co.demo.isp.testcase.ParentsSiblingsTest - .....Entering Parents siblings page....
2020-03-06 17:54:18.792 [main] INFO  co.demo.isp.testcase.ParentsSiblingsTest - .....Key in parent details....
2020-03-06 17:54:30.635 [main] INFO  co.demo.isp.testcase.ParentsSiblingsTest - ************************Parents Siblings Form Test End********************************
2020-03-06 18:22:52.605 [main] INFO  co.demo.isp.testcase.ParentsSiblingsTest - ******************************In Home page***********************************
2020-03-06 18:22:52.673 [main] INFO  co.demo.isp.testcase.ParentsSiblingsTest - ******************************In Login page***********************************
2020-03-06 18:22:53.739 [main] INFO  co.demo.isp.testcase.ParentsSiblingsTest - ******************************In Student Menu ***********************************
2020-03-06 18:23:01.368 [main] INFO  co.demo.isp.testcase.ParentsSiblingsTest - ******************************In datasheet page***********************************
2020-03-06 18:23:01.445 [main] INFO  co.demo.isp.testcase.ParentsSiblingsTest - ******************************Login Test End*************************************
2020-03-06 18:23:01.693 [main] INFO  co.demo.isp.testcase.ParentsSiblingsTest - ************************Parents Siblings Page Test Start********************************
2020-03-06 18:23:06.107 [main] INFO  co.demo.isp.testcase.ParentsSiblingsTest - ************************Parents Siblings Page Test End********************************
2020-03-06 18:23:06.838 [main] INFO  co.demo.isp.testcase.ParentsSiblingsTest - ************************Parents Siblings Form Test Start********************************
2020-03-06 18:23:11.844 [main] INFO  co.demo.isp.testcase.ParentsSiblingsTest - .....Opening GeneralInfo page....
2020-03-06 18:23:13.743 [main] INFO  co.demo.isp.testcase.ParentsSiblingsTest - .....Entering Parents siblings page....
2020-03-06 18:23:14.624 [main] INFO  co.demo.isp.testcase.ParentsSiblingsTest - .....Key in parent details....
2020-03-06 18:23:42.497 [main] INFO  co.demo.isp.testcase.ParentsSiblingsTest - ************************Parents Siblings Form Test End********************************
2020-03-06 18:25:27.841 [main] INFO  co.demo.isp.testcase.ParentsSiblingsTest - ******************************In Home page***********************************
2020-03-06 18:25:27.904 [main] INFO  co.demo.isp.testcase.ParentsSiblingsTest - ******************************In Login page***********************************
2020-03-06 18:25:28.747 [main] INFO  co.demo.isp.testcase.ParentsSiblingsTest - ******************************In Student Menu ***********************************
2020-03-06 18:25:36.657 [main] INFO  co.demo.isp.testcase.ParentsSiblingsTest - ******************************In datasheet page***********************************
2020-03-06 18:25:36.722 [main] INFO  co.demo.isp.testcase.ParentsSiblingsTest - ******************************Login Test End*************************************
2020-03-06 18:25:37.524 [main] INFO  co.demo.isp.testcase.ParentsSiblingsTest - ************************Parents Siblings Page Test Start********************************
2020-03-06 18:25:37.627 [main] INFO  co.demo.isp.testcase.ParentsSiblingsTest - ************************Parents Siblings Page Test End********************************
2020-03-06 18:25:38.820 [main] INFO  co.demo.isp.testcase.ParentsSiblingsTest - ************************Parents Siblings Form Test Start********************************
2020-03-06 18:25:43.824 [main] INFO  co.demo.isp.testcase.ParentsSiblingsTest - .....Opening GeneralInfo page....
2020-03-06 18:25:46.004 [main] INFO  co.demo.isp.testcase.ParentsSiblingsTest - .....Entering Parents siblings page....
2020-03-06 18:25:46.760 [main] INFO  co.demo.isp.testcase.ParentsSiblingsTest - .....Key in parent details....
2020-03-06 18:26:12.724 [main] INFO  co.demo.isp.testcase.ParentsSiblingsTest - ************************Parents Siblings Form Test End********************************
2020-03-06 18:28:01.315 [main] INFO  co.demo.isp.testcase.StudentTest - ***Entering URL***
2020-03-06 18:28:03.780 [main] INFO  co.demo.isp.testcase.StudentTest - ******************************Login Data Provider Test Starting***********************************
2020-03-06 18:29:17.803 [main] INFO  co.demo.isp.testcase.StudentTest - ***Entering URL***
2020-03-06 18:29:20.094 [main] INFO  co.demo.isp.testcase.StudentTest - ******************************Login Data Provider Test Starting***********************************
2020-03-06 18:29:23.904 [main] INFO  co.demo.isp.testcase.StudentTest - ******************************Login Data Provider Test Ending*****************************************
2020-03-06 18:42:30.293 [main] INFO  co.demo.isp.testcase.StudentTest - ***Entering URL***
2020-03-06 18:42:32.564 [main] INFO  co.demo.isp.testcase.StudentTest - ******************************Login Data Provider Test Starting***********************************
2020-03-06 18:42:36.443 [main] INFO  co.demo.isp.testcase.StudentTest - ******************************Login Data Provider Test Ending*****************************************
2020-03-06 18:43:01.727 [main] INFO  co.demo.isp.testcase.StudentTest - ***Entering URL***
2020-03-06 18:43:03.976 [main] INFO  co.demo.isp.testcase.StudentTest - ******************************Login Data Provider Test Starting***********************************
2020-03-06 18:43:07.750 [main] INFO  co.demo.isp.testcase.StudentTest - ******************************Login Data Provider Test Ending*****************************************
2020-03-06 18:56:01.135 [main] INFO  co.demo.isp.testcase.StudentTest - ***Entering URL***
2020-03-06 18:56:03.412 [main] INFO  co.demo.isp.testcase.StudentTest - ******************************Login Data Provider Test Starting***********************************
2020-03-06 18:56:07.044 [main] INFO  co.demo.isp.testcase.StudentTest - ******************************Login Data Provider Test Ending*****************************************
2020-03-06 18:57:34.279 [main] INFO  co.demo.isp.testcase.StudentTest - ***Entering URL***
2020-03-06 18:57:36.565 [main] INFO  co.demo.isp.testcase.StudentTest - ******************************Login Data Provider Test Starting***********************************
2020-03-06 18:57:39.984 [main] INFO  co.demo.isp.testcase.StudentTest - ******************************Login Data Provider Test Ending*****************************************
2020-03-06 19:02:46.686 [main] INFO  co.demo.isp.testcase.StudentTest - ***Entering URL***
2020-03-06 19:02:48.961 [main] INFO  co.demo.isp.testcase.StudentTest - ******************************Login Data Provider Test Starting***********************************
2020-03-06 19:02:52.934 [main] INFO  co.demo.isp.testcase.StudentTest - ******************************Login Data Provider Test Ending*****************************************
2020-03-06 19:56:46.168 [main] INFO  co.demo.isp.testcase.StudentTest - ***Entering URL***
2020-03-06 19:56:48.462 [main] INFO  co.demo.isp.testcase.StudentTest - ******************************Login Data Provider Test Starting***********************************
2020-03-06 19:56:52.664 [main] INFO  co.demo.isp.testcase.StudentTest - ******************************Login Data Provider Test Ending*****************************************
2020-03-06 20:03:29.635 [main] INFO  co.demo.isp.testcase.StudentTest - ***Entering URL***
2020-03-06 20:03:31.971 [main] INFO  co.demo.isp.testcase.StudentTest - ******************************Login Data Provider Test Starting***********************************
2020-03-06 20:03:36.394 [main] INFO  co.demo.isp.testcase.StudentTest - ******************************Login Data Provider Test Ending*****************************************
2020-03-07 09:21:01.499 [main] INFO  co.demo.isp.testcase.StudentTest - ***Entering URL***
2020-03-07 09:21:03.934 [main] INFO  co.demo.isp.testcase.StudentTest - ******************************Login Data Provider Test Starting***********************************
2020-03-07 09:21:08.266 [main] INFO  co.demo.isp.testcase.StudentTest - ******************************Login Data Provider Test Ending*****************************************
2020-03-07 09:24:15.467 [main] INFO  co.demo.isp.testcase.StudentTest - ***Entering URL***
2020-03-07 09:24:17.527 [main] INFO  co.demo.isp.testcase.StudentTest - ******************************Login Data Provider Test Starting***********************************
2020-03-07 09:24:21.402 [main] INFO  co.demo.isp.testcase.StudentTest - ******************************Login Data Provider Test Ending*****************************************
2020-03-07 09:24:49.321 [main] INFO  co.demo.isp.testcase.ParentsSiblingsTest - ******************************In Home page***********************************
2020-03-07 09:24:49.384 [main] INFO  co.demo.isp.testcase.ParentsSiblingsTest - ******************************In Login page***********************************
2020-03-07 09:24:50.216 [main] INFO  co.demo.isp.testcase.ParentsSiblingsTest - ******************************In Student Menu ***********************************
2020-03-07 09:24:57.874 [main] INFO  co.demo.isp.testcase.ParentsSiblingsTest - ******************************In datasheet page***********************************
2020-03-07 09:24:57.958 [main] INFO  co.demo.isp.testcase.ParentsSiblingsTest - ******************************Login Test End*************************************
2020-03-07 09:24:58.266 [main] INFO  co.demo.isp.testcase.ParentsSiblingsTest - ************************Parents Siblings Page Test Start********************************
2020-03-07 09:24:58.481 [main] INFO  co.demo.isp.testcase.ParentsSiblingsTest - ************************Parents Siblings Page Test End********************************
2020-03-07 09:24:59.246 [main] INFO  co.demo.isp.testcase.ParentsSiblingsTest - ************************Parents Siblings Form Test Start********************************
2020-03-07 09:25:04.249 [main] INFO  co.demo.isp.testcase.ParentsSiblingsTest - .....Opening GeneralInfo page....
2020-03-07 09:25:06.099 [main] INFO  co.demo.isp.testcase.ParentsSiblingsTest - .....Entering Parents siblings page....
2020-03-07 09:25:06.808 [main] INFO  co.demo.isp.testcase.ParentsSiblingsTest - .....Key in parent details....
2020-03-07 09:25:31.392 [main] INFO  co.demo.isp.testcase.ParentsSiblingsTest - ************************Parents Siblings Form Test End********************************
2020-03-07 09:33:41.470 [main] INFO  co.demo.isp.testcase.ParentsSiblingsTest - ******************************In Home page***********************************
2020-03-07 09:33:41.531 [main] INFO  co.demo.isp.testcase.ParentsSiblingsTest - ******************************In Login page***********************************
2020-03-07 09:33:42.521 [main] INFO  co.demo.isp.testcase.ParentsSiblingsTest - ******************************In Student Menu ***********************************
2020-03-07 09:33:49.755 [main] INFO  co.demo.isp.testcase.ParentsSiblingsTest - ******************************In datasheet page***********************************
2020-03-07 09:33:49.846 [main] INFO  co.demo.isp.testcase.ParentsSiblingsTest - ******************************Login Test End*************************************
2020-03-07 09:33:50.062 [main] INFO  co.demo.isp.testcase.ParentsSiblingsTest - ************************Parents Siblings Page Test Start********************************
2020-03-07 09:33:50.192 [main] INFO  co.demo.isp.testcase.ParentsSiblingsTest - ************************Parents Siblings Page Test End********************************
2020-03-07 09:33:50.972 [main] INFO  co.demo.isp.testcase.ParentsSiblingsTest - ************************Parents Siblings Form Test Start********************************
2020-03-07 09:33:55.974 [main] INFO  co.demo.isp.testcase.ParentsSiblingsTest - .....Opening GeneralInfo page....
2020-03-07 09:33:57.535 [main] INFO  co.demo.isp.testcase.ParentsSiblingsTest - .....Entering Parents siblings page....
2020-03-07 09:33:58.302 [main] INFO  co.demo.isp.testcase.ParentsSiblingsTest - .....Key in parent details....
2020-03-07 09:34:24.854 [main] INFO  co.demo.isp.testcase.ParentsSiblingsTest - ************************Parents Siblings Form Test End********************************
